<?xml version="1.0" encoding="UTF-8"?>
<testsuite name="CurrencyExchangeServiceTest" tests="1" skipped="0" failures="0" errors="0" timestamp="2024-02-05T15:18:56" hostname="DESKTOP-J2LJ8CF" time="1.427">
  <properties/>
  <testcase name="testGetExchangeRate()" classname="CurrencyExchangeServiceTest" time="1.427"/>
  <system-out><![CDATA[exchange: 1.2345
1.2345
]]></system-out>
  <system-err><![CDATA[WARNING: A Java agent has been loaded dynamically (C:\Users\ASUS\.gradle\caches\modules-2\files-2.1\net.bytebuddy\byte-buddy-agent\1.14.11\f9cb566608fbac6bc7bf54901a7aa11543a989ee\byte-buddy-agent-1.14.11.jar)
WARNING: If a serviceability tool is in use, please run with -XX:+EnableDynamicAgentLoading to hide this warning
WARNING: If a serviceability tool is not in use, please run with -Djdk.instrument.traceUsage for more information
WARNING: Dynamic loading of agents will be disallowed by default in a future release
]]></system-err>
</testsuite>
